{
  "/Users/moussier/Documents/Moussier/openclassrooms/dev-fullstack-java-android/projet5/Testez-une-application-full-stack/front/src/polyfills.ts": {
    "path": "/Users/moussier/Documents/Moussier/openclassrooms/dev-fullstack-java-android/projet5/Testez-une-application-full-stack/front/src/polyfills.ts",
    "statementMap": {},
    "fnMap": {},
    "branchMap": {},
    "s": {},
    "f": {},
    "b": {},
    "inputSourceMap": {
      "version": 3,
      "mappings": "AAAA;;;;;;;;;;;;;;;;AAgBA;;;;AAIA;;;;;;;;;;;;;;;;;;;;;;;;AAwBA;;;AAGA,OAAO,SAAP,C,CAAmB;;AAGnB",
      "names": [],
      "sourceRoot": "",
      "sources": [
        "/Users/moussier/Documents/Moussier/openclassrooms/dev-fullstack-java-android/projet5/Testez-une-application-full-stack/front/src/polyfills.ts"
      ],
      "sourcesContent": [
        "/**\n * This file includes polyfills needed by Angular and is loaded before the app.\n * You can add your own extra polyfills to this file.\n *\n * This file is divided into 2 sections:\n *   1. Browser polyfills. These are applied before loading ZoneJS and are sorted by browsers.\n *   2. Application imports. Files imported after ZoneJS that should be loaded before your main\n *      file.\n *\n * The current setup is for so-called \"evergreen\" browsers; the last versions of browsers that\n * automatically update themselves. This includes recent versions of Safari, Chrome (including\n * Opera), Edge on the desktop, and iOS and Chrome on mobile.\n *\n * Learn more in https://angular.io/guide/browser-support\n */\n\n/***************************************************************************************************\n * BROWSER POLYFILLS\n */\n\n/**\n * By default, zone.js will patch all possible macroTask and DomEvents\n * user can disable parts of macroTask/DomEvents patch by setting following flags\n * because those flags need to be set before `zone.js` being loaded, and webpack\n * will put import in the top of bundle, so user need to create a separate file\n * in this directory (for example: zone-flags.ts), and put the following flags\n * into that file, and then add the following code before importing zone.js.\n * import './zone-flags';\n *\n * The flags allowed in zone-flags.ts are listed here.\n *\n * The following flags will work for all browsers.\n *\n * (window as any).__Zone_disable_requestAnimationFrame = true; // disable patch requestAnimationFrame\n * (window as any).__Zone_disable_on_property = true; // disable patch onProperty such as onclick\n * (window as any).__zone_symbol__UNPATCHED_EVENTS = ['scroll', 'mousemove']; // disable patch specified eventNames\n *\n *  in IE/Edge developer tools, the addEventListener will also be wrapped by zone.js\n *  with the following flag, it will bypass `zone.js` patch for IE/Edge\n *\n *  (window as any).__Zone_enable_cross_context_check = true;\n *\n */\n\n/***************************************************************************************************\n * Zone JS is required by default for Angular itself.\n */\nimport 'zone.js';  // Included with Angular CLI.\n\n\n/***************************************************************************************************\n * APPLICATION IMPORTS\n */\n"
      ]
    },
    "_coverageSchema": "1a1c01bbd47fc00a2c39e90264f33305004495a9",
    "hash": "c50ba638b26549e7673d0e4f2215815dd5ec861e"
  },
  "/Users/moussier/Documents/Moussier/openclassrooms/dev-fullstack-java-android/projet5/Testez-une-application-full-stack/front/src/app/services/session.service.ts": {
    "path": "/Users/moussier/Documents/Moussier/openclassrooms/dev-fullstack-java-android/projet5/Testez-une-application-full-stack/front/src/app/services/session.service.ts",
    "statementMap": {
      "0": {
        "start": {
          "line": 3,
          "column": 41
        },
        "end": {
          "line": 43,
          "column": 4
        }
      },
      "1": {
        "start": {
          "line": 6,
          "column": 6
        },
        "end": {
          "line": 6,
          "column": 28
        }
      },
      "2": {
        "start": {
          "line": 7,
          "column": 6
        },
        "end": {
          "line": 7,
          "column": 64
        }
      },
      "3": {
        "start": {
          "line": 11,
          "column": 6
        },
        "end": {
          "line": 11,
          "column": 49
        }
      },
      "4": {
        "start": {
          "line": 15,
          "column": 6
        },
        "end": {
          "line": 15,
          "column": 37
        }
      },
      "5": {
        "start": {
          "line": 16,
          "column": 6
        },
        "end": {
          "line": 16,
          "column": 27
        }
      },
      "6": {
        "start": {
          "line": 17,
          "column": 6
        },
        "end": {
          "line": 17,
          "column": 67
        }
      },
      "7": {
        "start": {
          "line": 18,
          "column": 6
        },
        "end": {
          "line": 18,
          "column": 18
        }
      },
      "8": {
        "start": {
          "line": 22,
          "column": 6
        },
        "end": {
          "line": 22,
          "column": 42
        }
      },
      "9": {
        "start": {
          "line": 23,
          "column": 6
        },
        "end": {
          "line": 23,
          "column": 28
        }
      },
      "10": {
        "start": {
          "line": 24,
          "column": 6
        },
        "end": {
          "line": 24,
          "column": 18
        }
      },
      "11": {
        "start": {
          "line": 28,
          "column": 6
        },
        "end": {
          "line": 28,
          "column": 47
        }
      },
      "12": {
        "start": {
          "line": 33,
          "column": 2
        },
        "end": {
          "line": 35,
          "column": 4
        }
      },
      "13": {
        "start": {
          "line": 34,
          "column": 4
        },
        "end": {
          "line": 34,
          "column": 39
        }
      },
      "14": {
        "start": {
          "line": 37,
          "column": 2
        },
        "end": {
          "line": 41,
          "column": 5
        }
      },
      "15": {
        "start": {
          "line": 42,
          "column": 2
        },
        "end": {
          "line": 42,
          "column": 24
        }
      }
    },
    "fnMap": {
      "0": {
        "name": "(anonymous_0)",
        "decl": {
          "start": {
            "line": 3,
            "column": 42
          },
          "end": {
            "line": 3,
            "column": 43
          }
        },
        "loc": {
          "start": {
            "line": 3,
            "column": 48
          },
          "end": {
            "line": 43,
            "column": 1
          }
        },
        "line": 3
      },
      "1": {
        "name": "(anonymous_1)",
        "decl": {
          "start": {
            "line": 5,
            "column": 4
          },
          "end": {
            "line": 5,
            "column": 5
          }
        },
        "loc": {
          "start": {
            "line": 5,
            "column": 18
          },
          "end": {
            "line": 8,
            "column": 5
          }
        },
        "line": 5
      },
      "2": {
        "name": "(anonymous_2)",
        "decl": {
          "start": {
            "line": 10,
            "column": 4
          },
          "end": {
            "line": 10,
            "column": 5
          }
        },
        "loc": {
          "start": {
            "line": 10,
            "column": 16
          },
          "end": {
            "line": 12,
            "column": 5
          }
        },
        "line": 10
      },
      "3": {
        "name": "(anonymous_3)",
        "decl": {
          "start": {
            "line": 14,
            "column": 4
          },
          "end": {
            "line": 14,
            "column": 5
          }
        },
        "loc": {
          "start": {
            "line": 14,
            "column": 16
          },
          "end": {
            "line": 19,
            "column": 5
          }
        },
        "line": 14
      },
      "4": {
        "name": "(anonymous_4)",
        "decl": {
          "start": {
            "line": 21,
            "column": 4
          },
          "end": {
            "line": 21,
            "column": 5
          }
        },
        "loc": {
          "start": {
            "line": 21,
            "column": 13
          },
          "end": {
            "line": 25,
            "column": 5
          }
        },
        "line": 21
      },
      "5": {
        "name": "(anonymous_5)",
        "decl": {
          "start": {
            "line": 27,
            "column": 4
          },
          "end": {
            "line": 27,
            "column": 5
          }
        },
        "loc": {
          "start": {
            "line": 27,
            "column": 11
          },
          "end": {
            "line": 29,
            "column": 5
          }
        },
        "line": 27
      },
      "6": {
        "name": "SessionService_Factory",
        "decl": {
          "start": {
            "line": 33,
            "column": 33
          },
          "end": {
            "line": 33,
            "column": 55
          }
        },
        "loc": {
          "start": {
            "line": 33,
            "column": 59
          },
          "end": {
            "line": 35,
            "column": 3
          }
        },
        "line": 33
      }
    },
    "branchMap": {
      "0": {
        "loc": {
          "start": {
            "line": 34,
            "column": 16
          },
          "end": {
            "line": 34,
            "column": 35
          }
        },
        "type": "binary-expr",
        "locations": [
          {
            "start": {
              "line": 34,
              "column": 16
            },
            "end": {
              "line": 34,
              "column": 17
            }
          },
          {
            "start": {
              "line": 34,
              "column": 21
            },
            "end": {
              "line": 34,
              "column": 35
            }
          }
        ],
        "line": 34
      }
    },
    "s": {
      "0": 261,
      "1": 261,
      "2": 261,
      "3": 13751,
      "4": 148,
      "5": 148,
      "6": 148,
      "7": 148,
      "8": 0,
      "9": 0,
      "10": 0,
      "11": 148,
      "12": 261,
      "13": 261,
      "14": 261,
      "15": 261
    },
    "f": {
      "0": 261,
      "1": 261,
      "2": 13751,
      "3": 148,
      "4": 0,
      "5": 148,
      "6": 261
    },
    "b": {
      "0": [
        261,
        261
      ]
    },
    "inputSourceMap": {
      "version": 3,
      "mappings": "AACA,SAASA,eAAT,QAA4C,MAA5C;;AAMA,WAAaC,cAAb;EAAM,MAAOA,cAAP,CAAqB;IAH3BC;MAIS,gBAAW,KAAX;MAGC,uBAAkB,IAAIF,eAAJ,CAA6B,KAAKG,QAAlC,CAAlB;IAsBT;;IApBQC,SAAS;MACd,OAAO,KAAKC,eAAL,CAAqBC,YAArB,EAAP;IACD;;IAEMC,KAAK,CAACC,IAAD,EAAyB;MACnC,KAAKC,kBAAL,GAA0BD,IAA1B;MACA,KAAKL,QAAL,GAAgB,IAAhB;MACAO,OAAO,CAACC,GAAR,CAAY,sBAAZ,EAAoC,KAAKF,kBAAzC;MACA,KAAKG,IAAL;IACD;;IAEMC,MAAM;MACX,KAAKJ,kBAAL,GAA0BK,SAA1B;MACA,KAAKX,QAAL,GAAgB,KAAhB;MACA,KAAKS,IAAL;IACD;;IAEOA,IAAI;MACV,KAAKP,eAAL,CAAqBO,IAArB,CAA0B,KAAKT,QAA/B;IACD;;EAzBwB;;;qBAAdF;EAAc;;;WAAdA;IAAcc,SAAdd,cAAc;IAAAe,YAFb;;EAEd,OAAaf,cAAb;AAAA",
      "names": [
        "BehaviorSubject",
        "SessionService",
        "constructor",
        "isLogged",
        "$isLogged",
        "isLoggedSubject",
        "asObservable",
        "logIn",
        "user",
        "sessionInformation",
        "console",
        "log",
        "next",
        "logOut",
        "undefined",
        "factory",
        "providedIn"
      ],
      "sourceRoot": "",
      "sources": [
        "/Users/moussier/Documents/Moussier/openclassrooms/dev-fullstack-java-android/projet5/Testez-une-application-full-stack/front/src/app/services/session.service.ts"
      ],
      "sourcesContent": [
        "import { Injectable } from '@angular/core';\nimport { BehaviorSubject, Observable } from 'rxjs';\nimport { SessionInformation } from '../interfaces/sessionInformation.interface';\n\n@Injectable({\n  providedIn: 'root',\n})\nexport class SessionService {\n  public isLogged = false;\n  public sessionInformation: SessionInformation | undefined;\n\n  private isLoggedSubject = new BehaviorSubject<boolean>(this.isLogged);\n\n  public $isLogged(): Observable<boolean> {\n    return this.isLoggedSubject.asObservable();\n  }\n\n  public logIn(user: SessionInformation): void {\n    this.sessionInformation = user;\n    this.isLogged = true;\n    console.log('SessionService#logIn', this.sessionInformation);\n    this.next();\n  }\n\n  public logOut(): void {\n    this.sessionInformation = undefined;\n    this.isLogged = false;\n    this.next();\n  }\n\n  private next(): void {\n    this.isLoggedSubject.next(this.isLogged);\n  }\n}\n"
      ]
    },
    "_coverageSchema": "1a1c01bbd47fc00a2c39e90264f33305004495a9",
    "hash": "9f43c4f2e0e800516a97ac6cd60287ada21a46e9"
  },
  "/Users/moussier/Documents/Moussier/openclassrooms/dev-fullstack-java-android/projet5/Testez-une-application-full-stack/front/src/app/services/user.service.ts": {
    "path": "/Users/moussier/Documents/Moussier/openclassrooms/dev-fullstack-java-android/projet5/Testez-une-application-full-stack/front/src/app/services/user.service.ts",
    "statementMap": {
      "0": {
        "start": {
          "line": 3,
          "column": 38
        },
        "end": {
          "line": 30,
          "column": 4
        }
      },
      "1": {
        "start": {
          "line": 6,
          "column": 6
        },
        "end": {
          "line": 6,
          "column": 35
        }
      },
      "2": {
        "start": {
          "line": 7,
          "column": 6
        },
        "end": {
          "line": 7,
          "column": 36
        }
      },
      "3": {
        "start": {
          "line": 11,
          "column": 6
        },
        "end": {
          "line": 11,
          "column": 62
        }
      },
      "4": {
        "start": {
          "line": 15,
          "column": 6
        },
        "end": {
          "line": 15,
          "column": 65
        }
      },
      "5": {
        "start": {
          "line": 20,
          "column": 2
        },
        "end": {
          "line": 22,
          "column": 4
        }
      },
      "6": {
        "start": {
          "line": 21,
          "column": 4
        },
        "end": {
          "line": 21,
          "column": 62
        }
      },
      "7": {
        "start": {
          "line": 24,
          "column": 2
        },
        "end": {
          "line": 28,
          "column": 5
        }
      },
      "8": {
        "start": {
          "line": 29,
          "column": 2
        },
        "end": {
          "line": 29,
          "column": 21
        }
      }
    },
    "fnMap": {
      "0": {
        "name": "(anonymous_0)",
        "decl": {
          "start": {
            "line": 3,
            "column": 39
          },
          "end": {
            "line": 3,
            "column": 40
          }
        },
        "loc": {
          "start": {
            "line": 3,
            "column": 45
          },
          "end": {
            "line": 30,
            "column": 1
          }
        },
        "line": 3
      },
      "1": {
        "name": "(anonymous_1)",
        "decl": {
          "start": {
            "line": 5,
            "column": 4
          },
          "end": {
            "line": 5,
            "column": 5
          }
        },
        "loc": {
          "start": {
            "line": 5,
            "column": 28
          },
          "end": {
            "line": 8,
            "column": 5
          }
        },
        "line": 5
      },
      "2": {
        "name": "(anonymous_2)",
        "decl": {
          "start": {
            "line": 10,
            "column": 4
          },
          "end": {
            "line": 10,
            "column": 5
          }
        },
        "loc": {
          "start": {
            "line": 10,
            "column": 16
          },
          "end": {
            "line": 12,
            "column": 5
          }
        },
        "line": 10
      },
      "3": {
        "name": "(anonymous_3)",
        "decl": {
          "start": {
            "line": 14,
            "column": 4
          },
          "end": {
            "line": 14,
            "column": 5
          }
        },
        "loc": {
          "start": {
            "line": 14,
            "column": 15
          },
          "end": {
            "line": 16,
            "column": 5
          }
        },
        "line": 14
      },
      "4": {
        "name": "UserService_Factory",
        "decl": {
          "start": {
            "line": 20,
            "column": 30
          },
          "end": {
            "line": 20,
            "column": 49
          }
        },
        "loc": {
          "start": {
            "line": 20,
            "column": 53
          },
          "end": {
            "line": 22,
            "column": 3
          }
        },
        "line": 20
      }
    },
    "branchMap": {
      "0": {
        "loc": {
          "start": {
            "line": 21,
            "column": 16
          },
          "end": {
            "line": 21,
            "column": 32
          }
        },
        "type": "binary-expr",
        "locations": [
          {
            "start": {
              "line": 21,
              "column": 16
            },
            "end": {
              "line": 21,
              "column": 17
            }
          },
          {
            "start": {
              "line": 21,
              "column": 21
            },
            "end": {
              "line": 21,
              "column": 32
            }
          }
        ],
        "line": 21
      }
    },
    "s": {
      "0": 261,
      "1": 28,
      "2": 28,
      "3": 28,
      "4": 0,
      "5": 261,
      "6": 28,
      "7": 261,
      "8": 261
    },
    "f": {
      "0": 261,
      "1": 28,
      "2": 28,
      "3": 0,
      "4": 28
    },
    "b": {
      "0": [
        28,
        28
      ]
    },
    "inputSourceMap": {
      "version": 3,
      "mappings": ";;AAQA,WAAaA,WAAb;EAAM,MAAOA,WAAP,CAAkB;IAItBC,YAAoBC,UAApB,EAA0C;MAAtB;MAFZ,mBAAc,UAAd;IAEuC;;IAExCC,OAAO,CAACC,EAAD,EAAW;MACvB,OAAO,KAAKF,UAAL,CAAgBG,GAAhB,CAA0B,GAAG,KAAKC,WAAW,IAAIF,EAAE,EAAnD,CAAP;IACD;;IAEMG,MAAM,CAACH,EAAD,EAAW;MACtB,OAAO,KAAKF,UAAL,CAAgBK,MAAhB,CAAuB,GAAG,KAAKD,WAAW,IAAIF,EAAE,EAAhD,CAAP;IACD;;EAZqB;;;qBAAXJ,aAAWQ;EAAA;;;WAAXR;IAAWS,SAAXT,WAAW;IAAAU,YAFV;;EAEd,OAAaV,WAAb;AAAA",
      "names": [
        "UserService",
        "constructor",
        "httpClient",
        "getById",
        "id",
        "get",
        "pathService",
        "delete",
        "i0",
        "factory",
        "providedIn"
      ],
      "sourceRoot": "",
      "sources": [
        "/Users/moussier/Documents/Moussier/openclassrooms/dev-fullstack-java-android/projet5/Testez-une-application-full-stack/front/src/app/services/user.service.ts"
      ],
      "sourcesContent": [
        "import { HttpClient } from '@angular/common/http';\nimport { Injectable } from '@angular/core';\nimport { Observable } from 'rxjs';\nimport { User } from '../interfaces/user.interface';\n\n@Injectable({\n  providedIn: 'root'\n})\nexport class UserService {\n\n  private pathService = 'api/user';\n\n  constructor(private httpClient: HttpClient) { }\n\n  public getById(id: string): Observable<User> {\n    return this.httpClient.get<User>(`${this.pathService}/${id}`);\n  }\n\n  public delete(id: string): Observable<any> {\n    return this.httpClient.delete(`${this.pathService}/${id}`);\n  }\n}\n"
      ]
    },
    "_coverageSchema": "1a1c01bbd47fc00a2c39e90264f33305004495a9",
    "hash": "04c6b3094f010397b0fc38b84e72af0b8f42d04f"
  },
  "/Users/moussier/Documents/Moussier/openclassrooms/dev-fullstack-java-android/projet5/Testez-une-application-full-stack/front/src/app/components/me/me.component.ts": {
    "path": "/Users/moussier/Documents/Moussier/openclassrooms/dev-fullstack-java-android/projet5/Testez-une-application-full-stack/front/src/app/components/me/me.component.ts",
    "statementMap": {
      "0": {
        "start": {
          "line": 16,
          "column": 2
        },
        "end": {
          "line": 20,
          "column": 3
        }
      },
      "1": {
        "start": {
          "line": 17,
          "column": 4
        },
        "end": {
          "line": 17,
          "column": 33
        }
      },
      "2": {
        "start": {
          "line": 18,
          "column": 4
        },
        "end": {
          "line": 18,
          "column": 34
        }
      },
      "3": {
        "start": {
          "line": 19,
          "column": 4
        },
        "end": {
          "line": 19,
          "column": 22
        }
      },
      "4": {
        "start": {
          "line": 24,
          "column": 2
        },
        "end": {
          "line": 42,
          "column": 3
        }
      },
      "5": {
        "start": {
          "line": 25,
          "column": 16
        },
        "end": {
          "line": 25,
          "column": 37
        }
      },
      "6": {
        "start": {
          "line": 27,
          "column": 4
        },
        "end": {
          "line": 27,
          "column": 43
        }
      },
      "7": {
        "start": {
          "line": 28,
          "column": 4
        },
        "end": {
          "line": 28,
          "column": 39
        }
      },
      "8": {
        "start": {
          "line": 29,
          "column": 4
        },
        "end": {
          "line": 29,
          "column": 22
        }
      },
      "9": {
        "start": {
          "line": 30,
          "column": 4
        },
        "end": {
          "line": 30,
          "column": 39
        }
      },
      "10": {
        "start": {
          "line": 31,
          "column": 4
        },
        "end": {
          "line": 35,
          "column": 7
        }
      },
      "11": {
        "start": {
          "line": 32,
          "column": 6
        },
        "end": {
          "line": 32,
          "column": 28
        }
      },
      "12": {
        "start": {
          "line": 33,
          "column": 21
        },
        "end": {
          "line": 33,
          "column": 40
        }
      },
      "13": {
        "start": {
          "line": 34,
          "column": 6
        },
        "end": {
          "line": 34,
          "column": 45
        }
      },
      "14": {
        "start": {
          "line": 36,
          "column": 4
        },
        "end": {
          "line": 36,
          "column": 37
        }
      },
      "15": {
        "start": {
          "line": 37,
          "column": 4
        },
        "end": {
          "line": 37,
          "column": 27
        }
      },
      "16": {
        "start": {
          "line": 38,
          "column": 4
        },
        "end": {
          "line": 38,
          "column": 22
        }
      },
      "17": {
        "start": {
          "line": 39,
          "column": 4
        },
        "end": {
          "line": 39,
          "column": 37
        }
      },
      "18": {
        "start": {
          "line": 40,
          "column": 4
        },
        "end": {
          "line": 40,
          "column": 27
        }
      },
      "19": {
        "start": {
          "line": 41,
          "column": 4
        },
        "end": {
          "line": 41,
          "column": 26
        }
      },
      "20": {
        "start": {
          "line": 46,
          "column": 2
        },
        "end": {
          "line": 68,
          "column": 3
        }
      },
      "21": {
        "start": {
          "line": 47,
          "column": 4
        },
        "end": {
          "line": 47,
          "column": 43
        }
      },
      "22": {
        "start": {
          "line": 48,
          "column": 4
        },
        "end": {
          "line": 48,
          "column": 17
        }
      },
      "23": {
        "start": {
          "line": 49,
          "column": 4
        },
        "end": {
          "line": 49,
          "column": 30
        }
      },
      "24": {
        "start": {
          "line": 50,
          "column": 4
        },
        "end": {
          "line": 50,
          "column": 22
        }
      },
      "25": {
        "start": {
          "line": 51,
          "column": 4
        },
        "end": {
          "line": 51,
          "column": 30
        }
      },
      "26": {
        "start": {
          "line": 52,
          "column": 4
        },
        "end": {
          "line": 52,
          "column": 17
        }
      },
      "27": {
        "start": {
          "line": 53,
          "column": 4
        },
        "end": {
          "line": 53,
          "column": 22
        }
      },
      "28": {
        "start": {
          "line": 54,
          "column": 4
        },
        "end": {
          "line": 54,
          "column": 68
        }
      },
      "29": {
        "start": {
          "line": 55,
          "column": 4
        },
        "end": {
          "line": 55,
          "column": 72
        }
      },
      "30": {
        "start": {
          "line": 56,
          "column": 4
        },
        "end": {
          "line": 56,
          "column": 52
        }
      },
      "31": {
        "start": {
          "line": 57,
          "column": 4
        },
        "end": {
          "line": 57,
          "column": 33
        }
      },
      "32": {
        "start": {
          "line": 58,
          "column": 4
        },
        "end": {
          "line": 58,
          "column": 22
        }
      },
      "33": {
        "start": {
          "line": 59,
          "column": 4
        },
        "end": {
          "line": 59,
          "column": 18
        }
      },
      "34": {
        "start": {
          "line": 60,
          "column": 4
        },
        "end": {
          "line": 60,
          "column": 26
        }
      },
      "35": {
        "start": {
          "line": 61,
          "column": 4
        },
        "end": {
          "line": 61,
          "column": 22
        }
      },
      "36": {
        "start": {
          "line": 62,
          "column": 4
        },
        "end": {
          "line": 62,
          "column": 40
        }
      },
      "37": {
        "start": {
          "line": 63,
          "column": 4
        },
        "end": {
          "line": 63,
          "column": 35
        }
      },
      "38": {
        "start": {
          "line": 64,
          "column": 4
        },
        "end": {
          "line": 64,
          "column": 22
        }
      },
      "39": {
        "start": {
          "line": 65,
          "column": 4
        },
        "end": {
          "line": 65,
          "column": 18
        }
      },
      "40": {
        "start": {
          "line": 66,
          "column": 4
        },
        "end": {
          "line": 66,
          "column": 26
        }
      },
      "41": {
        "start": {
          "line": 67,
          "column": 4
        },
        "end": {
          "line": 67,
          "column": 26
        }
      },
      "42": {
        "start": {
          "line": 70,
          "column": 2
        },
        "end": {
          "line": 84,
          "column": 3
        }
      },
      "43": {
        "start": {
          "line": 71,
          "column": 19
        },
        "end": {
          "line": 71,
          "column": 37
        }
      },
      "44": {
        "start": {
          "line": 72,
          "column": 4
        },
        "end": {
          "line": 72,
          "column": 20
        }
      },
      "45": {
        "start": {
          "line": 73,
          "column": 4
        },
        "end": {
          "line": 73,
          "column": 112
        }
      },
      "46": {
        "start": {
          "line": 74,
          "column": 4
        },
        "end": {
          "line": 74,
          "column": 20
        }
      },
      "47": {
        "start": {
          "line": 75,
          "column": 4
        },
        "end": {
          "line": 75,
          "column": 60
        }
      },
      "48": {
        "start": {
          "line": 76,
          "column": 4
        },
        "end": {
          "line": 76,
          "column": 20
        }
      },
      "49": {
        "start": {
          "line": 77,
          "column": 4
        },
        "end": {
          "line": 77,
          "column": 45
        }
      },
      "50": {
        "start": {
          "line": 78,
          "column": 4
        },
        "end": {
          "line": 78,
          "column": 20
        }
      },
      "51": {
        "start": {
          "line": 79,
          "column": 4
        },
        "end": {
          "line": 79,
          "column": 46
        }
      },
      "52": {
        "start": {
          "line": 80,
          "column": 4
        },
        "end": {
          "line": 80,
          "column": 20
        }
      },
      "53": {
        "start": {
          "line": 81,
          "column": 4
        },
        "end": {
          "line": 81,
          "column": 93
        }
      },
      "54": {
        "start": {
          "line": 82,
          "column": 4
        },
        "end": {
          "line": 82,
          "column": 20
        }
      },
      "55": {
        "start": {
          "line": 83,
          "column": 4
        },
        "end": {
          "line": 83,
          "column": 94
        }
      },
      "56": {
        "start": {
          "line": 87,
          "column": 38
        },
        "end": {
          "line": 168,
          "column": 4
        }
      },
      "57": {
        "start": {
          "line": 90,
          "column": 6
        },
        "end": {
          "line": 90,
          "column": 27
        }
      },
      "58": {
        "start": {
          "line": 91,
          "column": 6
        },
        "end": {
          "line": 91,
          "column": 43
        }
      },
      "59": {
        "start": {
          "line": 92,
          "column": 6
        },
        "end": {
          "line": 92,
          "column": 37
        }
      },
      "60": {
        "start": {
          "line": 93,
          "column": 6
        },
        "end": {
          "line": 93,
          "column": 37
        }
      },
      "61": {
        "start": {
          "line": 94,
          "column": 6
        },
        "end": {
          "line": 94,
          "column": 45
        }
      },
      "62": {
        "start": {
          "line": 98,
          "column": 6
        },
        "end": {
          "line": 105,
          "column": 10
        }
      },
      "63": {
        "start": {
          "line": 99,
          "column": 8
        },
        "end": {
          "line": 101,
          "column": 11
        }
      },
      "64": {
        "start": {
          "line": 102,
          "column": 8
        },
        "end": {
          "line": 102,
          "column": 29
        }
      },
      "65": {
        "start": {
          "line": 104,
          "column": 8
        },
        "end": {
          "line": 104,
          "column": 25
        }
      },
      "66": {
        "start": {
          "line": 109,
          "column": 6
        },
        "end": {
          "line": 109,
          "column": 38
        }
      },
      "67": {
        "start": {
          "line": 113,
          "column": 6
        },
        "end": {
          "line": 113,
          "column": 28
        }
      },
      "68": {
        "start": {
          "line": 117,
          "column": 6
        },
        "end": {
          "line": 128,
          "column": 23
        }
      },
      "69": {
        "start": {
          "line": 118,
          "column": 8
        },
        "end": {
          "line": 120,
          "column": 11
        }
      },
      "70": {
        "start": {
          "line": 121,
          "column": 8
        },
        "end": {
          "line": 121,
          "column": 37
        }
      },
      "71": {
        "start": {
          "line": 122,
          "column": 8
        },
        "end": {
          "line": 122,
          "column": 36
        }
      },
      "72": {
        "start": {
          "line": 124,
          "column": 8
        },
        "end": {
          "line": 126,
          "column": 11
        }
      },
      "73": {
        "start": {
          "line": 127,
          "column": 8
        },
        "end": {
          "line": 127,
          "column": 29
        }
      },
      "74": {
        "start": {
          "line": 133,
          "column": 2
        },
        "end": {
          "line": 135,
          "column": 4
        }
      },
      "75": {
        "start": {
          "line": 134,
          "column": 4
        },
        "end": {
          "line": 134,
          "column": 184
        }
      },
      "76": {
        "start": {
          "line": 137,
          "column": 2
        },
        "end": {
          "line": 166,
          "column": 5
        }
      },
      "77": {
        "start": {
          "line": 144,
          "column": 6
        },
        "end": {
          "line": 158,
          "column": 7
        }
      },
      "78": {
        "start": {
          "line": 145,
          "column": 8
        },
        "end": {
          "line": 145,
          "column": 104
        }
      },
      "79": {
        "start": {
          "line": 146,
          "column": 8
        },
        "end": {
          "line": 148,
          "column": 11
        }
      },
      "80": {
        "start": {
          "line": 147,
          "column": 10
        },
        "end": {
          "line": 147,
          "column": 28
        }
      },
      "81": {
        "start": {
          "line": 149,
          "column": 8
        },
        "end": {
          "line": 149,
          "column": 41
        }
      },
      "82": {
        "start": {
          "line": 150,
          "column": 8
        },
        "end": {
          "line": 150,
          "column": 35
        }
      },
      "83": {
        "start": {
          "line": 151,
          "column": 8
        },
        "end": {
          "line": 151,
          "column": 28
        }
      },
      "84": {
        "start": {
          "line": 152,
          "column": 8
        },
        "end": {
          "line": 152,
          "column": 35
        }
      },
      "85": {
        "start": {
          "line": 153,
          "column": 8
        },
        "end": {
          "line": 153,
          "column": 41
        }
      },
      "86": {
        "start": {
          "line": 154,
          "column": 8
        },
        "end": {
          "line": 154,
          "column": 30
        }
      },
      "87": {
        "start": {
          "line": 155,
          "column": 8
        },
        "end": {
          "line": 155,
          "column": 49
        }
      },
      "88": {
        "start": {
          "line": 156,
          "column": 8
        },
        "end": {
          "line": 156,
          "column": 73
        }
      },
      "89": {
        "start": {
          "line": 157,
          "column": 8
        },
        "end": {
          "line": 157,
          "column": 30
        }
      },
      "90": {
        "start": {
          "line": 160,
          "column": 6
        },
        "end": {
          "line": 163,
          "column": 7
        }
      },
      "91": {
        "start": {
          "line": 161,
          "column": 8
        },
        "end": {
          "line": 161,
          "column": 25
        }
      },
      "92": {
        "start": {
          "line": 162,
          "column": 8
        },
        "end": {
          "line": 162,
          "column": 40
        }
      },
      "93": {
        "start": {
          "line": 167,
          "column": 2
        },
        "end": {
          "line": 167,
          "column": 21
        }
      }
    },
    "fnMap": {
      "0": {
        "name": "MeComponent_div_10_p_6_Template",
        "decl": {
          "start": {
            "line": 15,
            "column": 9
          },
          "end": {
            "line": 15,
            "column": 40
          }
        },
        "loc": {
          "start": {
            "line": 15,
            "column": 50
          },
          "end": {
            "line": 21,
            "column": 1
          }
        },
        "line": 15
      },
      "1": {
        "name": "MeComponent_div_10_div_7_Template",
        "decl": {
          "start": {
            "line": 23,
            "column": 9
          },
          "end": {
            "line": 23,
            "column": 42
          }
        },
        "loc": {
          "start": {
            "line": 23,
            "column": 52
          },
          "end": {
            "line": 43,
            "column": 1
          }
        },
        "line": 23
      },
      "2": {
        "name": "MeComponent_div_10_div_7_Template_button_click_3_listener",
        "decl": {
          "start": {
            "line": 31,
            "column": 36
          },
          "end": {
            "line": 31,
            "column": 93
          }
        },
        "loc": {
          "start": {
            "line": 31,
            "column": 96
          },
          "end": {
            "line": 35,
            "column": 5
          }
        },
        "line": 31
      },
      "3": {
        "name": "MeComponent_div_10_Template",
        "decl": {
          "start": {
            "line": 45,
            "column": 9
          },
          "end": {
            "line": 45,
            "column": 36
          }
        },
        "loc": {
          "start": {
            "line": 45,
            "column": 46
          },
          "end": {
            "line": 85,
            "column": 1
          }
        },
        "line": 45
      },
      "4": {
        "name": "(anonymous_4)",
        "decl": {
          "start": {
            "line": 87,
            "column": 39
          },
          "end": {
            "line": 87,
            "column": 40
          }
        },
        "loc": {
          "start": {
            "line": 87,
            "column": 45
          },
          "end": {
            "line": 168,
            "column": 1
          }
        },
        "line": 87
      },
      "5": {
        "name": "(anonymous_5)",
        "decl": {
          "start": {
            "line": 89,
            "column": 4
          },
          "end": {
            "line": 89,
            "column": 5
          }
        },
        "loc": {
          "start": {
            "line": 89,
            "column": 66
          },
          "end": {
            "line": 95,
            "column": 5
          }
        },
        "line": 89
      },
      "6": {
        "name": "(anonymous_6)",
        "decl": {
          "start": {
            "line": 97,
            "column": 4
          },
          "end": {
            "line": 97,
            "column": 5
          }
        },
        "loc": {
          "start": {
            "line": 97,
            "column": 15
          },
          "end": {
            "line": 106,
            "column": 5
          }
        },
        "line": 97
      },
      "7": {
        "name": "(anonymous_7)",
        "decl": {
          "start": {
            "line": 98,
            "column": 123
          },
          "end": {
            "line": 98,
            "column": 124
          }
        },
        "loc": {
          "start": {
            "line": 98,
            "column": 132
          },
          "end": {
            "line": 103,
            "column": 7
          }
        },
        "line": 98
      },
      "8": {
        "name": "(anonymous_8)",
        "decl": {
          "start": {
            "line": 103,
            "column": 20
          },
          "end": {
            "line": 103,
            "column": 21
          }
        },
        "loc": {
          "start": {
            "line": 103,
            "column": 28
          },
          "end": {
            "line": 105,
            "column": 7
          }
        },
        "line": 103
      },
      "9": {
        "name": "(anonymous_9)",
        "decl": {
          "start": {
            "line": 108,
            "column": 4
          },
          "end": {
            "line": 108,
            "column": 5
          }
        },
        "loc": {
          "start": {
            "line": 108,
            "column": 18
          },
          "end": {
            "line": 110,
            "column": 5
          }
        },
        "line": 108
      },
      "10": {
        "name": "(anonymous_10)",
        "decl": {
          "start": {
            "line": 112,
            "column": 4
          },
          "end": {
            "line": 112,
            "column": 5
          }
        },
        "loc": {
          "start": {
            "line": 112,
            "column": 11
          },
          "end": {
            "line": 114,
            "column": 5
          }
        },
        "line": 112
      },
      "11": {
        "name": "(anonymous_11)",
        "decl": {
          "start": {
            "line": 116,
            "column": 4
          },
          "end": {
            "line": 116,
            "column": 5
          }
        },
        "loc": {
          "start": {
            "line": 116,
            "column": 13
          },
          "end": {
            "line": 129,
            "column": 5
          }
        },
        "line": 116
      },
      "12": {
        "name": "(anonymous_12)",
        "decl": {
          "start": {
            "line": 117,
            "column": 115
          },
          "end": {
            "line": 117,
            "column": 116
          }
        },
        "loc": {
          "start": {
            "line": 117,
            "column": 121
          },
          "end": {
            "line": 123,
            "column": 7
          }
        },
        "line": 117
      },
      "13": {
        "name": "(anonymous_13)",
        "decl": {
          "start": {
            "line": 123,
            "column": 21
          },
          "end": {
            "line": 123,
            "column": 22
          }
        },
        "loc": {
          "start": {
            "line": 123,
            "column": 30
          },
          "end": {
            "line": 128,
            "column": 7
          }
        },
        "line": 123
      },
      "14": {
        "name": "MeComponent_Factory",
        "decl": {
          "start": {
            "line": 133,
            "column": 30
          },
          "end": {
            "line": 133,
            "column": 49
          }
        },
        "loc": {
          "start": {
            "line": 133,
            "column": 53
          },
          "end": {
            "line": 135,
            "column": 3
          }
        },
        "line": 133
      },
      "15": {
        "name": "MeComponent_Template",
        "decl": {
          "start": {
            "line": 143,
            "column": 23
          },
          "end": {
            "line": 143,
            "column": 43
          }
        },
        "loc": {
          "start": {
            "line": 143,
            "column": 53
          },
          "end": {
            "line": 164,
            "column": 5
          }
        },
        "line": 143
      },
      "16": {
        "name": "MeComponent_Template_button_click_4_listener",
        "decl": {
          "start": {
            "line": 146,
            "column": 40
          },
          "end": {
            "line": 146,
            "column": 84
          }
        },
        "loc": {
          "start": {
            "line": 146,
            "column": 87
          },
          "end": {
            "line": 148,
            "column": 9
          }
        },
        "line": 146
      }
    },
    "branchMap": {
      "0": {
        "loc": {
          "start": {
            "line": 16,
            "column": 2
          },
          "end": {
            "line": 20,
            "column": 3
          }
        },
        "type": "if",
        "locations": [
          {
            "start": {
              "line": 16,
              "column": 2
            },
            "end": {
              "line": 20,
              "column": 3
            }
          },
          {
            "start": {
              "line": 16,
              "column": 2
            },
            "end": {
              "line": 20,
              "column": 3
            }
          }
        ],
        "line": 16
      },
      "1": {
        "loc": {
          "start": {
            "line": 24,
            "column": 2
          },
          "end": {
            "line": 42,
            "column": 3
          }
        },
        "type": "if",
        "locations": [
          {
            "start": {
              "line": 24,
              "column": 2
            },
            "end": {
              "line": 42,
              "column": 3
            }
          },
          {
            "start": {
              "line": 24,
              "column": 2
            },
            "end": {
              "line": 42,
              "column": 3
            }
          }
        ],
        "line": 24
      },
      "2": {
        "loc": {
          "start": {
            "line": 46,
            "column": 2
          },
          "end": {
            "line": 68,
            "column": 3
          }
        },
        "type": "if",
        "locations": [
          {
            "start": {
              "line": 46,
              "column": 2
            },
            "end": {
              "line": 68,
              "column": 3
            }
          },
          {
            "start": {
              "line": 46,
              "column": 2
            },
            "end": {
              "line": 68,
              "column": 3
            }
          }
        ],
        "line": 46
      },
      "3": {
        "loc": {
          "start": {
            "line": 70,
            "column": 2
          },
          "end": {
            "line": 84,
            "column": 3
          }
        },
        "type": "if",
        "locations": [
          {
            "start": {
              "line": 70,
              "column": 2
            },
            "end": {
              "line": 84,
              "column": 3
            }
          },
          {
            "start": {
              "line": 70,
              "column": 2
            },
            "end": {
              "line": 84,
              "column": 3
            }
          }
        ],
        "line": 70
      },
      "4": {
        "loc": {
          "start": {
            "line": 134,
            "column": 16
          },
          "end": {
            "line": 134,
            "column": 32
          }
        },
        "type": "binary-expr",
        "locations": [
          {
            "start": {
              "line": 134,
              "column": 16
            },
            "end": {
              "line": 134,
              "column": 17
            }
          },
          {
            "start": {
              "line": 134,
              "column": 21
            },
            "end": {
              "line": 134,
              "column": 32
            }
          }
        ],
        "line": 134
      },
      "5": {
        "loc": {
          "start": {
            "line": 144,
            "column": 6
          },
          "end": {
            "line": 158,
            "column": 7
          }
        },
        "type": "if",
        "locations": [
          {
            "start": {
              "line": 144,
              "column": 6
            },
            "end": {
              "line": 158,
              "column": 7
            }
          },
          {
            "start": {
              "line": 144,
              "column": 6
            },
            "end": {
              "line": 158,
              "column": 7
            }
          }
        ],
        "line": 144
      },
      "6": {
        "loc": {
          "start": {
            "line": 160,
            "column": 6
          },
          "end": {
            "line": 163,
            "column": 7
          }
        },
        "type": "if",
        "locations": [
          {
            "start": {
              "line": 160,
              "column": 6
            },
            "end": {
              "line": 163,
              "column": 7
            }
          },
          {
            "start": {
              "line": 160,
              "column": 6
            },
            "end": {
              "line": 163,
              "column": 7
            }
          }
        ],
        "line": 160
      }
    },
    "s": {
      "0": 91,
      "1": 21,
      "2": 21,
      "3": 21,
      "4": 21,
      "5": 7,
      "6": 7,
      "7": 7,
      "8": 7,
      "9": 7,
      "10": 7,
      "11": 0,
      "12": 0,
      "13": 0,
      "14": 7,
      "15": 7,
      "16": 7,
      "17": 7,
      "18": 7,
      "19": 7,
      "20": 112,
      "21": 28,
      "22": 28,
      "23": 28,
      "24": 28,
      "25": 28,
      "26": 28,
      "27": 28,
      "28": 28,
      "29": 28,
      "30": 28,
      "31": 28,
      "32": 28,
      "33": 28,
      "34": 28,
      "35": 28,
      "36": 28,
      "37": 28,
      "38": 28,
      "39": 28,
      "40": 28,
      "41": 28,
      "42": 112,
      "43": 84,
      "44": 84,
      "45": 84,
      "46": 84,
      "47": 84,
      "48": 84,
      "49": 84,
      "50": 84,
      "51": 84,
      "52": 84,
      "53": 84,
      "54": 84,
      "55": 84,
      "56": 261,
      "57": 28,
      "58": 28,
      "59": 28,
      "60": 28,
      "61": 28,
      "62": 28,
      "63": 0,
      "64": 0,
      "65": 28,
      "66": 14,
      "67": 14,
      "68": 0,
      "69": 0,
      "70": 0,
      "71": 0,
      "72": 0,
      "73": 0,
      "74": 261,
      "75": 28,
      "76": 261,
      "77": 252,
      "78": 28,
      "79": 28,
      "80": 14,
      "81": 28,
      "82": 28,
      "83": 28,
      "84": 28,
      "85": 28,
      "86": 28,
      "87": 28,
      "88": 28,
      "89": 28,
      "90": 252,
      "91": 224,
      "92": 224,
      "93": 261
    },
    "f": {
      "0": 91,
      "1": 21,
      "2": 0,
      "3": 112,
      "4": 261,
      "5": 28,
      "6": 28,
      "7": 0,
      "8": 28,
      "9": 14,
      "10": 14,
      "11": 0,
      "12": 0,
      "13": 0,
      "14": 28,
      "15": 252,
      "16": 14
    },
    "b": {
      "0": [
        21,
        70
      ],
      "1": [
        7,
        14
      ],
      "2": [
        28,
        84
      ],
      "3": [
        84,
        28
      ],
      "4": [
        28,
        28
      ],
      "5": [
        28,
        224
      ],
      "6": [
        224,
        28
      ]
    },
    "inputSourceMap": {
      "version": 3,
      "mappings": "AAMA,SAASA,YAAT,QAA6B,MAA7B;AACA,SAASC,UAAT,EAAqBC,GAArB,QAAgC,gBAAhC;AACA,SAASC,EAAT,QAAmB,MAAnB;;;;;;;;;;;;;;ICMQC;IAAkCA;IAAaA;;;;;;;;IAC/CA,+BAAqF,CAArF,EAAqF,GAArF;IACKA;IAAkBA;IACrBA;IAAuCA;MAAAA;MAAA;MAAA,OAASA,+BAAT;IAAiB,CAAjB;IACrCA;IAAUA;IAAMA;IAChBA;IAAkBA;IAAMA;;;;;;IAR9BA,+BAAiE,CAAjE,EAAiE,GAAjE;IACKA;;IAA0DA;IAC7DA;IAAGA;IAAuBA;IAC1BA;IACAA;IAOAA,+BAA0D,CAA1D,EAA0D,GAA1D,EAA0D,EAA1D,EAA0D,GAA1D;IAEQA;IAAWA;IAAKA;;IAAsCA;IAC5DA,2BAAG,EAAH,EAAG,GAAH;IAAMA;IAAaA;IAAKA;;IAAqCA;;;;;IAb5DA;IAAAA;IACAA;IAAAA;IACCA;IAAAA;IACEA;IAAAA;IASkBA;IAAAA;IACEA;IAAAA;;;;ADVlC,WAAaC,WAAb;EAAM,MAAOA,WAAP,CAAkB;IAItBC,YACUC,MADV,EAEUC,cAFV,EAGUC,WAHV,EAIUC,WAJV,EAIkC;MAHxB;MACA;MACA;MACA;MANF,oBAA6B,IAAIV,YAAJ,EAA7B;IAOJ;;IAEGW,QAAQ;MACb,KAAKC,YAAL,CAAkBC,GAAlB,CACE,KAAKH,WAAL,CACGI,OADH,CACW,KAAKN,cAAL,CAAoBO,kBAApB,CAAwCC,EAAxC,CAA2CC,QAA3C,EADX,EAEGC,IAFH,CAGIjB,UAAU,CAAEkB,KAAD,IAAU;QACnB,KAAKV,WAAL,CAAiBW,IAAjB,CAAsB,4BAAtB,EAAoD,OAApD,EAA6D;UAC3DC,QAAQ,EAAE;QADiD,CAA7D;QAGA,OAAOlB,EAAE,CAACmB,SAAD,CAAT;MACD,CALS,CAHd,EAUGC,SAVH,CAUcC,IAAD,IAA2B;QACpC,KAAKA,IAAL,GAAYA,IAAZ;MACD,CAZH,CADF;IAeD;;IAEMC,WAAW;MAChB,KAAKb,YAAL,CAAkBc,WAAlB;IACD;;IAEMC,IAAI;MACTC,MAAM,CAACC,OAAP,CAAeF,IAAf;IACD;;IAEMG,MAAM;MACX,KAAKlB,YAAL,CAAkBC,GAAlB,CACE,KAAKH,WAAL,CACGoB,MADH,CACU,KAAKtB,cAAL,CAAoBO,kBAApB,CAAwCC,EAAxC,CAA2CC,QAA3C,EADV,EAEGC,IAFH,CAGIhB,GAAG,CAAC,MAAK;QACP,KAAKO,WAAL,CAAiBW,IAAjB,CAAsB,iCAAtB,EAAyD,OAAzD,EAAkE;UAChEC,QAAQ,EAAE;QADsD,CAAlE;QAGA,KAAKb,cAAL,CAAoBuB,MAApB;QACA,KAAKxB,MAAL,CAAYyB,QAAZ,CAAqB,CAAC,GAAD,CAArB;MACD,CANE,CAHP,EAUI/B,UAAU,CAAEkB,KAAD,IAAU;QACnB,KAAKV,WAAL,CAAiBW,IAAjB,CAAsB,wBAAtB,EAAgD,OAAhD,EAAyD;UACvDC,QAAQ,EAAE;QAD6C,CAAzD;QAGA,OAAOlB,EAAE,CAACmB,SAAD,CAAT;MACD,CALS,CAVd,EAiBGC,SAjBH,EADF;IAoBD;;EA1DqB;;;qBAAXlB,aAAWD;EAAA;;;UAAXC;IAAW4B;IAAAC;IAAAC;IAAAC;IAAAC;MAAA;QCfxBjC,+BAAgB,CAAhB,EAAgB,UAAhB,EAAgB,CAAhB,EAAgB,gBAAhB,EAAgB,CAAhB,EAAgB,KAAhB,EAAgB,CAAhB,EAAgB,CAAhB,EAAgB,QAAhB,EAAgB,CAAhB;QAIgCA;UAAA,OAASkC,UAAT;QAAe,CAAf;QACtBlC;QAAUA;QAAUA;QAEtBA;QAAIA;QAAgBA;QAGxBA;QACEA;QAiBFA;;;;QAjBQA;QAAAA;;;;;EDIZ,OAAaC,WAAb;AAAA",
      "names": [
        "Subscription",
        "catchError",
        "tap",
        "of",
        "i0",
        "MeComponent",
        "constructor",
        "router",
        "sessionService",
        "matSnackBar",
        "userService",
        "ngOnInit",
        "subscription",
        "add",
        "getById",
        "sessionInformation",
        "id",
        "toString",
        "pipe",
        "error",
        "open",
        "duration",
        "undefined",
        "subscribe",
        "user",
        "ngOnDestroy",
        "unsubscribe",
        "back",
        "window",
        "history",
        "delete",
        "logOut",
        "navigate",
        "selectors",
        "decls",
        "vars",
        "consts",
        "template",
        "ctx"
      ],
      "sourceRoot": "",
      "sources": [
        "/Users/moussier/Documents/Moussier/openclassrooms/dev-fullstack-java-android/projet5/Testez-une-application-full-stack/front/src/app/components/me/me.component.ts",
        "/Users/moussier/Documents/Moussier/openclassrooms/dev-fullstack-java-android/projet5/Testez-une-application-full-stack/front/src/app/components/me/me.component.html"
      ],
      "sourcesContent": [
        "import { Component, OnInit, OnDestroy } from '@angular/core';\nimport { MatSnackBar } from '@angular/material/snack-bar';\nimport { Router } from '@angular/router';\nimport { User } from '../../interfaces/user.interface';\nimport { SessionService } from '../../services/session.service';\nimport { UserService } from '../../services/user.service';\nimport { Subscription } from 'rxjs';\nimport { catchError, tap } from 'rxjs/operators';\nimport { of } from 'rxjs';\n\n@Component({\n  selector: 'app-me',\n  templateUrl: './me.component.html',\n  styleUrls: ['./me.component.scss'],\n})\nexport class MeComponent implements OnInit, OnDestroy {\n  public user: User | undefined;\n  private subscription: Subscription = new Subscription();\n\n  constructor(\n    private router: Router,\n    private sessionService: SessionService,\n    private matSnackBar: MatSnackBar,\n    private userService: UserService\n  ) {}\n\n  public ngOnInit(): void {\n    this.subscription.add(\n      this.userService\n        .getById(this.sessionService.sessionInformation!.id.toString())\n        .pipe(\n          catchError((error) => {\n            this.matSnackBar.open('Error loading user details', 'Close', {\n              duration: 3000,\n            });\n            return of(undefined);\n          })\n        )\n        .subscribe((user: User | undefined) => {\n          this.user = user;\n        })\n    );\n  }\n\n  public ngOnDestroy(): void {\n    this.subscription.unsubscribe();\n  }\n\n  public back(): void {\n    window.history.back();\n  }\n\n  public delete(): void {\n    this.subscription.add(\n      this.userService\n        .delete(this.sessionService.sessionInformation!.id.toString())\n        .pipe(\n          tap(() => {\n            this.matSnackBar.open('Your account has been deleted !', 'Close', {\n              duration: 3000,\n            });\n            this.sessionService.logOut();\n            this.router.navigate(['/']);\n          }),\n          catchError((error) => {\n            this.matSnackBar.open('Error deleting account', 'Close', {\n              duration: 3000,\n            });\n            return of(undefined);\n          })\n        )\n        .subscribe()\n    );\n  }\n}\n",
        "<div class=\"m3\">\n  <mat-card>\n    <mat-card-title>\n      <div fxLayout=\"row\" fxLayoutAlign=\"start center\">\n        <button mat-icon-button (click)=\"back()\">\n          <mat-icon>arrow_back</mat-icon>\n        </button>\n        <h1>User information</h1>\n      </div>\n    </mat-card-title>\n    <mat-card-content>\n      <div *ngIf=\"user\" fxLayout=\"column\" fxLayoutAlign=\"start center\">\n        <p>Name: {{ user.firstName }} {{ user.lastName | uppercase }}</p>\n        <p>Email: {{ user.email }}</p>\n        <p *ngIf=\"user.admin\" class=\"my2\">You are admin</p>\n        <div *ngIf=\"!user.admin\" fxLayout=\"column\" class=\"my2\" fxLayoutAlign=\"center center\">\n          <p>Delete my account:</p>\n          <button mat-raised-button color=\"warn\" (click)=\"delete()\">\n            <mat-icon>delete</mat-icon>\n            <span class=\"ml1\">Detail</span>\n          </button>\n        </div>\n        <div fxLayoutAlign=\"space-between center\" class=\"p2 w100\">\n\n          <p><i>Create at: </i> {{ user.createdAt | date: 'longDate'}}</p>\n          <p><i>Last update: </i> {{ user.updatedAt| date: 'longDate'}}</p>\n        </div>\n      </div>\n    </mat-card-content>\n  </mat-card>\n</div>\n"
      ]
    },
    "_coverageSchema": "1a1c01bbd47fc00a2c39e90264f33305004495a9",
    "hash": "d3ccaa2beae04212487ae315b7e07d42d7d53686"
  },
  "/Users/moussier/Documents/Moussier/openclassrooms/dev-fullstack-java-android/projet5/Testez-une-application-full-stack/front/src/app/components/not-found/not-found.component.ts": {
    "path": "/Users/moussier/Documents/Moussier/openclassrooms/dev-fullstack-java-android/projet5/Testez-une-application-full-stack/front/src/app/components/not-found/not-found.component.ts",
    "statementMap": {
      "0": {
        "start": {
          "line": 2,
          "column": 44
        },
        "end": {
          "line": 25,
          "column": 4
        }
      },
      "1": {
        "start": {
          "line": 5,
          "column": 2
        },
        "end": {
          "line": 7,
          "column": 4
        }
      },
      "2": {
        "start": {
          "line": 6,
          "column": 4
        },
        "end": {
          "line": 6,
          "column": 42
        }
      },
      "3": {
        "start": {
          "line": 9,
          "column": 2
        },
        "end": {
          "line": 23,
          "column": 5
        }
      },
      "4": {
        "start": {
          "line": 16,
          "column": 6
        },
        "end": {
          "line": 20,
          "column": 7
        }
      },
      "5": {
        "start": {
          "line": 17,
          "column": 8
        },
        "end": {
          "line": 17,
          "column": 48
        }
      },
      "6": {
        "start": {
          "line": 18,
          "column": 8
        },
        "end": {
          "line": 18,
          "column": 41
        }
      },
      "7": {
        "start": {
          "line": 19,
          "column": 8
        },
        "end": {
          "line": 19,
          "column": 28
        }
      },
      "8": {
        "start": {
          "line": 24,
          "column": 2
        },
        "end": {
          "line": 24,
          "column": 27
        }
      }
    },
    "fnMap": {
      "0": {
        "name": "(anonymous_0)",
        "decl": {
          "start": {
            "line": 2,
            "column": 45
          },
          "end": {
            "line": 2,
            "column": 46
          }
        },
        "loc": {
          "start": {
            "line": 2,
            "column": 51
          },
          "end": {
            "line": 25,
            "column": 1
          }
        },
        "line": 2
      },
      "1": {
        "name": "NotFoundComponent_Factory",
        "decl": {
          "start": {
            "line": 5,
            "column": 36
          },
          "end": {
            "line": 5,
            "column": 61
          }
        },
        "loc": {
          "start": {
            "line": 5,
            "column": 65
          },
          "end": {
            "line": 7,
            "column": 3
          }
        },
        "line": 5
      },
      "2": {
        "name": "NotFoundComponent_Template",
        "decl": {
          "start": {
            "line": 15,
            "column": 23
          },
          "end": {
            "line": 15,
            "column": 49
          }
        },
        "loc": {
          "start": {
            "line": 15,
            "column": 59
          },
          "end": {
            "line": 21,
            "column": 5
          }
        },
        "line": 15
      }
    },
    "branchMap": {
      "0": {
        "loc": {
          "start": {
            "line": 6,
            "column": 16
          },
          "end": {
            "line": 6,
            "column": 38
          }
        },
        "type": "binary-expr",
        "locations": [
          {
            "start": {
              "line": 6,
              "column": 16
            },
            "end": {
              "line": 6,
              "column": 17
            }
          },
          {
            "start": {
              "line": 6,
              "column": 21
            },
            "end": {
              "line": 6,
              "column": 38
            }
          }
        ],
        "line": 6
      },
      "1": {
        "loc": {
          "start": {
            "line": 16,
            "column": 6
          },
          "end": {
            "line": 20,
            "column": 7
          }
        },
        "type": "if",
        "locations": [
          {
            "start": {
              "line": 16,
              "column": 6
            },
            "end": {
              "line": 20,
              "column": 7
            }
          },
          {
            "start": {
              "line": 16,
              "column": 6
            },
            "end": {
              "line": 20,
              "column": 7
            }
          }
        ],
        "line": 16
      }
    },
    "s": {
      "0": 261,
      "1": 261,
      "2": 3,
      "3": 261,
      "4": 9,
      "5": 3,
      "6": 3,
      "7": 3,
      "8": 261
    },
    "f": {
      "0": 261,
      "1": 3,
      "2": 9
    },
    "b": {
      "0": [
        3,
        3
      ],
      "1": [
        3,
        6
      ]
    },
    "inputSourceMap": {
      "version": 3,
      "mappings": ";AAOA,WAAaA,iBAAb;EAAM,MAAOA,iBAAP,CAAwB;;;qBAAjBA;EAAiB;;;UAAjBA;IAAiBC;IAAAC;IAAAC;IAAAC;IAAAC;MAAA;QCP9BC,+BAAqC,CAArC,EAAqC,IAArC;QACYA;QAAgBA;;;;;EDM5B,OAAaN,iBAAb;AAAA",
      "names": [
        "NotFoundComponent",
        "selectors",
        "decls",
        "vars",
        "consts",
        "template",
        "i0"
      ],
      "sourceRoot": "",
      "sources": [
        "/Users/moussier/Documents/Moussier/openclassrooms/dev-fullstack-java-android/projet5/Testez-une-application-full-stack/front/src/app/components/not-found/not-found.component.ts",
        "/Users/moussier/Documents/Moussier/openclassrooms/dev-fullstack-java-android/projet5/Testez-une-application-full-stack/front/src/app/components/not-found/not-found.component.html"
      ],
      "sourcesContent": [
        "import { Component } from '@angular/core';\n\n@Component({\n  selector: 'app-not-found',\n  templateUrl: './not-found.component.html',\n  styleUrls: ['./not-found.component.scss']\n})\nexport class NotFoundComponent {\n}\n",
        "<div class=\"flex justify-center mt3\">\n        <h1>Page not found !</h1>\n</div>"
      ]
    },
    "_coverageSchema": "1a1c01bbd47fc00a2c39e90264f33305004495a9",
    "hash": "19e7bc8dda34c611ac6bb2c5b5e3d8d57e71ac31"
  },
  "/Users/moussier/Documents/Moussier/openclassrooms/dev-fullstack-java-android/projet5/Testez-une-application-full-stack/front/src/app/guards/auth.guard.ts": {
    "path": "/Users/moussier/Documents/Moussier/openclassrooms/dev-fullstack-java-android/projet5/Testez-une-application-full-stack/front/src/app/guards/auth.guard.ts",
    "statementMap": {
      "0": {
        "start": {
          "line": 5,
          "column": 36
        },
        "end": {
          "line": 35,
          "column": 4
        }
      },
      "1": {
        "start": {
          "line": 8,
          "column": 6
        },
        "end": {
          "line": 8,
          "column": 27
        }
      },
      "2": {
        "start": {
          "line": 9,
          "column": 6
        },
        "end": {
          "line": 9,
          "column": 43
        }
      },
      "3": {
        "start": {
          "line": 13,
          "column": 6
        },
        "end": {
          "line": 13,
          "column": 115
        }
      },
      "4": {
        "start": {
          "line": 15,
          "column": 6
        },
        "end": {
          "line": 18,
          "column": 7
        }
      },
      "5": {
        "start": {
          "line": 16,
          "column": 8
        },
        "end": {
          "line": 16,
          "column": 40
        }
      },
      "6": {
        "start": {
          "line": 17,
          "column": 8
        },
        "end": {
          "line": 17,
          "column": 21
        }
      },
      "7": {
        "start": {
          "line": 20,
          "column": 6
        },
        "end": {
          "line": 20,
          "column": 18
        }
      },
      "8": {
        "start": {
          "line": 25,
          "column": 2
        },
        "end": {
          "line": 27,
          "column": 4
        }
      },
      "9": {
        "start": {
          "line": 26,
          "column": 4
        },
        "end": {
          "line": 26,
          "column": 88
        }
      },
      "10": {
        "start": {
          "line": 29,
          "column": 2
        },
        "end": {
          "line": 33,
          "column": 5
        }
      },
      "11": {
        "start": {
          "line": 34,
          "column": 2
        },
        "end": {
          "line": 34,
          "column": 19
        }
      }
    },
    "fnMap": {
      "0": {
        "name": "(anonymous_0)",
        "decl": {
          "start": {
            "line": 5,
            "column": 37
          },
          "end": {
            "line": 5,
            "column": 38
          }
        },
        "loc": {
          "start": {
            "line": 5,
            "column": 43
          },
          "end": {
            "line": 35,
            "column": 1
          }
        },
        "line": 5
      },
      "1": {
        "name": "(anonymous_1)",
        "decl": {
          "start": {
            "line": 7,
            "column": 4
          },
          "end": {
            "line": 7,
            "column": 5
          }
        },
        "loc": {
          "start": {
            "line": 7,
            "column": 40
          },
          "end": {
            "line": 10,
            "column": 5
          }
        },
        "line": 7
      },
      "2": {
        "name": "(anonymous_2)",
        "decl": {
          "start": {
            "line": 12,
            "column": 4
          },
          "end": {
            "line": 12,
            "column": 5
          }
        },
        "loc": {
          "start": {
            "line": 12,
            "column": 18
          },
          "end": {
            "line": 21,
            "column": 5
          }
        },
        "line": 12
      },
      "3": {
        "name": "AuthGuard_Factory",
        "decl": {
          "start": {
            "line": 25,
            "column": 28
          },
          "end": {
            "line": 25,
            "column": 45
          }
        },
        "loc": {
          "start": {
            "line": 25,
            "column": 49
          },
          "end": {
            "line": 27,
            "column": 3
          }
        },
        "line": 25
      }
    },
    "branchMap": {
      "0": {
        "loc": {
          "start": {
            "line": 15,
            "column": 6
          },
          "end": {
            "line": 18,
            "column": 7
          }
        },
        "type": "if",
        "locations": [
          {
            "start": {
              "line": 15,
              "column": 6
            },
            "end": {
              "line": 18,
              "column": 7
            }
          },
          {
            "start": {
              "line": 15,
              "column": 6
            },
            "end": {
              "line": 18,
              "column": 7
            }
          }
        ],
        "line": 15
      },
      "1": {
        "loc": {
          "start": {
            "line": 26,
            "column": 16
          },
          "end": {
            "line": 26,
            "column": 30
          }
        },
        "type": "binary-expr",
        "locations": [
          {
            "start": {
              "line": 26,
              "column": 16
            },
            "end": {
              "line": 26,
              "column": 17
            }
          },
          {
            "start": {
              "line": 26,
              "column": 21
            },
            "end": {
              "line": 26,
              "column": 30
            }
          }
        ],
        "line": 26
      }
    },
    "s": {
      "0": 261,
      "1": 160,
      "2": 160,
      "3": 202,
      "4": 202,
      "5": 12,
      "6": 12,
      "7": 190,
      "8": 261,
      "9": 160,
      "10": 261,
      "11": 261
    },
    "f": {
      "0": 261,
      "1": 160,
      "2": 202,
      "3": 160
    },
    "b": {
      "0": [
        12,
        190
      ],
      "1": [
        160,
        160
      ]
    },
    "inputSourceMap": {
      "version": 3,
      "mappings": "AACA,SAAsBA,MAAtB,QAAoC,iBAApC;;;;AAIA,WAAaC,SAAb;EAAM,MAAOA,SAAP,CAAgB;IACpBC,YAAoBC,MAApB,EAA4CC,cAA5C,EAA0E;MAAtD;MAAwB;IAAkC;;IAEvEC,WAAW;MAChBC,OAAO,CAACC,GAAR,CACE,8BADF,EAEE,KAAKJ,MAAL,CAAYK,WAFd,EAGE,KAAKJ,cAAL,CAAoBK,kBAHtB;;MAKA,IAAI,CAAC,KAAKL,cAAL,CAAoBM,QAAzB,EAAmC;QACjC,KAAKP,MAAL,CAAYQ,QAAZ,CAAqB,CAAC,OAAD,CAArB;QACA,OAAO,KAAP;MACD;;MACD,OAAO,IAAP;IACD;;EAdmB;;;qBAATV,WAASW;EAAA;;;WAATX;IAASY,SAATZ,SAAS;IAAAa,YADI;;EAC1B,OAAab,SAAb;AAAA",
      "names": [
        "Router",
        "AuthGuard",
        "constructor",
        "router",
        "sessionService",
        "canActivate",
        "console",
        "log",
        "routerState",
        "sessionInformation",
        "isLogged",
        "navigate",
        "i0",
        "factory",
        "providedIn"
      ],
      "sourceRoot": "",
      "sources": [
        "/Users/moussier/Documents/Moussier/openclassrooms/dev-fullstack-java-android/projet5/Testez-une-application-full-stack/front/src/app/guards/auth.guard.ts"
      ],
      "sourcesContent": [
        "import { Injectable } from '@angular/core';\nimport { CanActivate, Router } from '@angular/router';\nimport { SessionService } from '../services/session.service';\n\n@Injectable({ providedIn: 'root' })\nexport class AuthGuard implements CanActivate {\n  constructor(private router: Router, private sessionService: SessionService) {}\n\n  public canActivate(): boolean {\n    console.log(\n      'AuthGuard#canActivate called',\n      this.router.routerState,\n      this.sessionService.sessionInformation\n    );\n    if (!this.sessionService.isLogged) {\n      this.router.navigate(['login']);\n      return false;\n    }\n    return true;\n  }\n}\n"
      ]
    },
    "_coverageSchema": "1a1c01bbd47fc00a2c39e90264f33305004495a9",
    "hash": "9bad765411e2c12d04efcb68cd009f7f2867880c"
  },
  "/Users/moussier/Documents/Moussier/openclassrooms/dev-fullstack-java-android/projet5/Testez-une-application-full-stack/front/src/app/guards/unauth.guard.ts": {
    "path": "/Users/moussier/Documents/Moussier/openclassrooms/dev-fullstack-java-android/projet5/Testez-une-application-full-stack/front/src/app/guards/unauth.guard.ts",
    "statementMap": {
      "0": {
        "start": {
          "line": 5,
          "column": 38
        },
        "end": {
          "line": 33,
          "column": 4
        }
      },
      "1": {
        "start": {
          "line": 8,
          "column": 6
        },
        "end": {
          "line": 8,
          "column": 27
        }
      },
      "2": {
        "start": {
          "line": 9,
          "column": 6
        },
        "end": {
          "line": 9,
          "column": 43
        }
      },
      "3": {
        "start": {
          "line": 13,
          "column": 6
        },
        "end": {
          "line": 16,
          "column": 7
        }
      },
      "4": {
        "start": {
          "line": 14,
          "column": 8
        },
        "end": {
          "line": 14,
          "column": 42
        }
      },
      "5": {
        "start": {
          "line": 15,
          "column": 8
        },
        "end": {
          "line": 15,
          "column": 21
        }
      },
      "6": {
        "start": {
          "line": 18,
          "column": 6
        },
        "end": {
          "line": 18,
          "column": 18
        }
      },
      "7": {
        "start": {
          "line": 23,
          "column": 2
        },
        "end": {
          "line": 25,
          "column": 4
        }
      },
      "8": {
        "start": {
          "line": 24,
          "column": 4
        },
        "end": {
          "line": 24,
          "column": 90
        }
      },
      "9": {
        "start": {
          "line": 27,
          "column": 2
        },
        "end": {
          "line": 31,
          "column": 5
        }
      },
      "10": {
        "start": {
          "line": 32,
          "column": 2
        },
        "end": {
          "line": 32,
          "column": 21
        }
      }
    },
    "fnMap": {
      "0": {
        "name": "(anonymous_0)",
        "decl": {
          "start": {
            "line": 5,
            "column": 39
          },
          "end": {
            "line": 5,
            "column": 40
          }
        },
        "loc": {
          "start": {
            "line": 5,
            "column": 45
          },
          "end": {
            "line": 33,
            "column": 1
          }
        },
        "line": 5
      },
      "1": {
        "name": "(anonymous_1)",
        "decl": {
          "start": {
            "line": 7,
            "column": 4
          },
          "end": {
            "line": 7,
            "column": 5
          }
        },
        "loc": {
          "start": {
            "line": 7,
            "column": 40
          },
          "end": {
            "line": 10,
            "column": 5
          }
        },
        "line": 7
      },
      "2": {
        "name": "(anonymous_2)",
        "decl": {
          "start": {
            "line": 12,
            "column": 4
          },
          "end": {
            "line": 12,
            "column": 5
          }
        },
        "loc": {
          "start": {
            "line": 12,
            "column": 18
          },
          "end": {
            "line": 19,
            "column": 5
          }
        },
        "line": 12
      },
      "3": {
        "name": "UnauthGuard_Factory",
        "decl": {
          "start": {
            "line": 23,
            "column": 30
          },
          "end": {
            "line": 23,
            "column": 49
          }
        },
        "loc": {
          "start": {
            "line": 23,
            "column": 53
          },
          "end": {
            "line": 25,
            "column": 3
          }
        },
        "line": 23
      }
    },
    "branchMap": {
      "0": {
        "loc": {
          "start": {
            "line": 13,
            "column": 6
          },
          "end": {
            "line": 16,
            "column": 7
          }
        },
        "type": "if",
        "locations": [
          {
            "start": {
              "line": 13,
              "column": 6
            },
            "end": {
              "line": 16,
              "column": 7
            }
          },
          {
            "start": {
              "line": 13,
              "column": 6
            },
            "end": {
              "line": 16,
              "column": 7
            }
          }
        ],
        "line": 13
      },
      "1": {
        "loc": {
          "start": {
            "line": 24,
            "column": 16
          },
          "end": {
            "line": 24,
            "column": 32
          }
        },
        "type": "binary-expr",
        "locations": [
          {
            "start": {
              "line": 24,
              "column": 16
            },
            "end": {
              "line": 24,
              "column": 17
            }
          },
          {
            "start": {
              "line": 24,
              "column": 21
            },
            "end": {
              "line": 24,
              "column": 32
            }
          }
        ],
        "line": 24
      }
    },
    "s": {
      "0": 261,
      "1": 258,
      "2": 258,
      "3": 258,
      "4": 0,
      "5": 0,
      "6": 258,
      "7": 261,
      "8": 258,
      "9": 261,
      "10": 261
    },
    "f": {
      "0": 261,
      "1": 258,
      "2": 258,
      "3": 258
    },
    "b": {
      "0": [
        0,
        258
      ],
      "1": [
        258,
        258
      ]
    },
    "inputSourceMap": {
      "version": 3,
      "mappings": "AACA,SAAqBA,MAArB,QAAkC,iBAAlC;;;;AAIA,WAAaC,WAAb;EAAM,MAAOA,WAAP,CAAkB;IAEtBC,YACUC,MADV,EAEUC,cAFV,EAEwC;MAD9B;MACA;IAET;;IAEMC,WAAW;MAChB,IAAI,KAAKD,cAAL,CAAoBE,QAAxB,EAAkC;QAChC,KAAKH,MAAL,CAAYI,QAAZ,CAAqB,CAAC,SAAD,CAArB;QACA,OAAO,KAAP;MACD;;MACD,OAAO,IAAP;IACD;;EAdqB;;;qBAAXN,aAAWO;EAAA;;;WAAXP;IAAWQ,SAAXR,WAAW;IAAAS,YADC;;EACzB,OAAaT,WAAb;AAAA",
      "names": [
        "Router",
        "UnauthGuard",
        "constructor",
        "router",
        "sessionService",
        "canActivate",
        "isLogged",
        "navigate",
        "i0",
        "factory",
        "providedIn"
      ],
      "sourceRoot": "",
      "sources": [
        "/Users/moussier/Documents/Moussier/openclassrooms/dev-fullstack-java-android/projet5/Testez-une-application-full-stack/front/src/app/guards/unauth.guard.ts"
      ],
      "sourcesContent": [
        "import {Injectable} from \"@angular/core\";\nimport {CanActivate, Router} from \"@angular/router\"; \nimport { SessionService } from \"../services/session.service\";\n\n@Injectable({providedIn: 'root'})\nexport class UnauthGuard implements CanActivate {\n\n  constructor( \n    private router: Router,\n    private sessionService: SessionService,\n  ) {\n  }\n\n  public canActivate(): boolean {\n    if (this.sessionService.isLogged) {\n      this.router.navigate(['rentals']);\n      return false;\n    }\n    return true;\n  }\n}"
      ]
    },
[...]
          },
          "end": {
            "line": 122,
            "column": 7
          }
        },
        "type": "if",
        "locations": [
          {
            "start": {
              "line": 112,
              "column": 6
            },
            "end": {
              "line": 122,
              "column": 7
            }
          },
          {
            "start": {
              "line": 112,
              "column": 6
            },
            "end": {
              "line": 122,
              "column": 7
            }
          }
        ],
        "line": 112
      },
      "7": {
        "loc": {
          "start": {
            "line": 124,
            "column": 6
          },
          "end": {
            "line": 129,
            "column": 7
          }
        },
        "type": "if",
        "locations": [
          {
            "start": {
              "line": 124,
              "column": 6
            },
            "end": {
              "line": 129,
              "column": 7
            }
          },
          {
            "start": {
              "line": 124,
              "column": 6
            },
            "end": {
              "line": 129,
              "column": 7
            }
          }
        ],
        "line": 124
      }
    },
    "s": {
      "0": 1525,
      "1": 171,
      "2": 171,
      "3": 171,
      "4": 171,
      "5": 171,
      "6": 171,
      "7": 160,
      "8": 165,
      "9": 495,
      "10": 165,
      "11": 165,
      "12": 165,
      "13": 165,
      "14": 165,
      "15": 165,
      "16": 495,
      "17": 330,
      "18": 330,
      "19": 160,
      "20": 195,
      "21": 585,
      "22": 195,
      "23": 195,
      "24": 195,
      "25": 195,
      "26": 195,
      "27": 195,
      "28": 195,
      "29": 195,
      "30": 195,
      "31": 195,
      "32": 195,
      "33": 195,
      "34": 195,
      "35": 195,
      "36": 195,
      "37": 195,
      "38": 195,
      "39": 195,
      "40": 195,
      "41": 195,
      "42": 195,
      "43": 585,
      "44": 390,
      "45": 390,
      "46": 390,
      "47": 390,
      "48": 390,
      "49": 390,
      "50": 390,
      "51": 390,
      "52": 390,
      "53": 390,
      "54": 390,
      "55": 390,
      "56": 160,
      "57": 201,
      "58": 201,
      "59": 201,
      "60": 1984,
      "61": 160,
      "62": 201,
      "63": 160,
      "64": 1795,
      "65": 201,
      "66": 201,
      "67": 201,
      "68": 201,
      "69": 201,
      "70": 201,
      "71": 201,
      "72": 201,
      "73": 201,
      "74": 1795,
      "75": 1594,
      "76": 1594,
      "77": 1594,
      "78": 1594,
      "79": 160
    },
    "f": {
      "0": 1525,
      "1": 165,
      "2": 495,
      "3": 195,
      "4": 585,
      "5": 160,
      "6": 201,
      "7": 1984,
      "8": 201,
      "9": 1795
    },
    "b": {
      "0": [
        171,
        1354
      ],
      "1": [
        165,
        330
      ],
      "2": [
        330,
        165
      ],
      "3": [
        195,
        390
      ],
      "4": [
        390,
        195
      ],
      "5": [
        201,
        201
      ],
      "6": [
        201,
        1594
      ],
      "7": [
        1594,
        201
      ]
    },
    "inputSourceMap": {
      "version": 3,
      "mappings": ";;;;;;;;;;;;IAIMA,kCAAkF,CAAlF,EAAkF,UAAlF;IACYA;IAAGA;IACbA;IAAkBA;IAAMA;;;;;;;;;;IAwBtBA,mCAC6C,CAD7C,EAC6C,UAD7C;IAEYA;IAAIA;IACdA;IAAkBA;IAAIA;;;;;IAFhBA;;;;;;;;;;IArBZA,oCAA0E,CAA1E,EAA0E,iBAA1E,EAA0E,CAA1E,EAA0E,gBAA1E;IAEoBA;IAAkBA;IAClCA;IACEA;;IACFA;IAEFA;IACEA;IACFA;IACAA,yCAAkB,EAAlB,EAAkB,GAAlB;IAEIA;IACFA;IAEFA,0CAAkB,EAAlB,EAAkB,QAAlB,EAAkB,EAAlB,EAAkB,EAAlB,EAAkB,UAAlB;IAEcA;IAAMA;IAChBA;IAAkBA;IAAMA;IAE1BA;IAKFA;;;;;;IAvBkBA;IAAAA;IAEdA;IAAAA;IAQAA;IAAAA;IAIwCA;IAAAA;IAIjCA;IAAAA;;;;AClBnB,WAAaC,aAAb;EAAM,MAAOA,aAAP,CAAoB;IAIxBC,YACUC,cADV,EAEUC,iBAFV,EAE8C;MADpC;MACA;MAJH,iBAAmC,KAAKA,iBAAL,CAAuBC,GAAvB,EAAnC;IAKF;;IAEG,IAAJC,IAAI;MACN,OAAO,KAAKH,cAAL,CAAoBI,kBAA3B;IACD;;EAXuB;;;qBAAbN,eAAaD;EAAA;;;UAAbC;IAAaO;IAAAC;IAAAC;IAAAC;IAAAC;MAAA;QDZ1BZ,+BAAkB,CAAlB,EAAkB,UAAlB,EAAkB,CAAlB,EAAkB,iBAAlB,EAAkB,CAAlB,EAAkB,CAAlB,EAAkB,gBAAlB,EAAkB,CAAlB;QAGiCA;QAAiBA;QAC5CA;QAIFA;QACAA;QACEA;;QA2BFA;;;;QAjCWA;QAAAA;QAMkCA;QAAAA;;;;;;ECEjD,OAAaC,aAAb;AAAA",
      "names": [
        "i0",
        "ListComponent",
        "constructor",
        "sessionService",
        "sessionApiService",
        "all",
        "user",
        "sessionInformation",
        "selectors",
        "decls",
        "vars",
        "consts",
        "template"
      ],
      "sourceRoot": "",
      "sources": [
        "/Users/moussier/Documents/Moussier/openclassrooms/dev-fullstack-java-android/projet5/Testez-une-application-full-stack/front/src/app/features/sessions/components/list/list.component.html",
        "/Users/moussier/Documents/Moussier/openclassrooms/dev-fullstack-java-android/projet5/Testez-une-application-full-stack/front/src/app/features/sessions/components/list/list.component.ts"
      ],
      "sourcesContent": [
        "<div class=\"list\">\n  <mat-card>\n    <mat-card-header fxLayout=\"row\" fxLayoutAlign=\"space-between center\">\n      <mat-card-title class=\"m0\">Rentals available</mat-card-title>\n      <button *ngIf=\"user!.admin\" mat-raised-button color=\"primary\" routerLink=\"create\">\n        <mat-icon>add</mat-icon>\n        <span class=\"ml1\">Create</span>\n      </button>\n    </mat-card-header>\n    <div class=\"items mt2\" fxLayout=\"row wrap\" fxLayout.lt-md=\"column\">\n      <mat-card class=\"item\" *ngFor=\"let session of (sessions$ | async)\" fxFlex>\n        <mat-card-header>\n          <mat-card-title>{{ session.name }}</mat-card-title>\n          <mat-card-subtitle>\n            Session on {{ session.date | date: 'longDate'}}\n          </mat-card-subtitle>\n        </mat-card-header>\n        <div mat-card-image fxLayoutAlign=\"center center\">\n          <img class=\"picture\" src=\"assets/sessions.png\" alt=\"Yoga session\">\n        </div>\n        <mat-card-content>\n          <p>\n            {{ session.description }}\n          </p>\n        </mat-card-content>\n        <mat-card-actions>\n          <button mat-raised-button color=\"primary\" [routerLink]=\"['detail',session.id]\">\n            <mat-icon>search</mat-icon>\n            <span class=\"ml1\">Detail</span>\n          </button>\n          <button *ngIf=\"user!.admin\" mat-raised-button color=\"primary\"\n                  [routerLink]=\"['update',session.id]\">\n            <mat-icon>edit</mat-icon>\n            <span class=\"ml1\">Edit</span>\n          </button>\n        </mat-card-actions>\n      </mat-card>\n    </div>\n  </mat-card>\n</div>\n",
        "import { Component } from '@angular/core';\nimport { Observable } from 'rxjs';\nimport { SessionInformation } from '../../../../interfaces/sessionInformation.interface';\nimport { SessionService } from '../../../../services/session.service';\nimport { Session } from '../../interfaces/session.interface';\nimport { SessionApiService } from '../../services/session-api.service';\n\n@Component({\n  selector: 'app-list',\n  templateUrl: './list.component.html',\n  styleUrls: ['./list.component.scss']\n})\nexport class ListComponent {\n\n  public sessions$: Observable<Session[]> = this.sessionApiService.all();\n\n  constructor(\n    private sessionService: SessionService,\n    private sessionApiService: SessionApiService\n  ) { }\n\n  get user(): SessionInformation | undefined {\n    return this.sessionService.sessionInformation;\n  }\n}\n"
      ]
    },
    "_coverageSchema": "1a1c01bbd47fc00a2c39e90264f33305004495a9",
    "hash": "023ae827409be8400c8e80b4af14645e99ad9a24"
  },
  "/Users/moussier/Documents/Moussier/openclassrooms/dev-fullstack-java-android/projet5/Testez-une-application-full-stack/front/src/app/features/sessions/sessions-routing.module.ts": {
    "path": "/Users/moussier/Documents/Moussier/openclassrooms/dev-fullstack-java-android/projet5/Testez-une-application-full-stack/front/src/app/features/sessions/sessions-routing.module.ts",
    "statementMap": {
      "0": {
        "start": {
          "line": 7,
          "column": 15
        },
        "end": {
          "line": 23,
          "column": 2
        }
      },
      "1": {
        "start": {
          "line": 24,
          "column": 48
        },
        "end": {
          "line": 38,
          "column": 4
        }
      },
      "2": {
        "start": {
          "line": 27,
          "column": 2
        },
        "end": {
          "line": 29,
          "column": 4
        }
      },
      "3": {
        "start": {
          "line": 28,
          "column": 4
        },
        "end": {
          "line": 28,
          "column": 46
        }
      },
      "4": {
        "start": {
          "line": 31,
          "column": 2
        },
        "end": {
          "line": 33,
          "column": 5
        }
      },
      "5": {
        "start": {
          "line": 34,
          "column": 2
        },
        "end": {
          "line": 36,
          "column": 5
        }
      },
      "6": {
        "start": {
          "line": 37,
          "column": 2
        },
        "end": {
          "line": 37,
          "column": 31
        }
      }
    },
    "fnMap": {
      "0": {
        "name": "(anonymous_0)",
        "decl": {
          "start": {
            "line": 24,
            "column": 49
          },
          "end": {
            "line": 24,
            "column": 50
          }
        },
        "loc": {
          "start": {
            "line": 24,
            "column": 55
          },
          "end": {
            "line": 38,
            "column": 1
          }
        },
        "line": 24
      },
      "1": {
        "name": "SessionsRoutingModule_Factory",
        "decl": {
          "start": {
            "line": 27,
            "column": 40
          },
          "end": {
            "line": 27,
            "column": 69
          }
        },
        "loc": {
          "start": {
            "line": 27,
            "column": 73
          },
          "end": {
            "line": 29,
            "column": 3
          }
        },
        "line": 27
      }
    },
    "branchMap": {
      "0": {
        "loc": {
          "start": {
            "line": 28,
            "column": 16
          },
          "end": {
            "line": 28,
            "column": 42
          }
        },
        "type": "binary-expr",
        "locations": [
          {
            "start": {
              "line": 28,
              "column": 16
            },
            "end": {
              "line": 28,
              "column": 17
            }
          },
          {
            "start": {
              "line": 28,
              "column": 21
            },
            "end": {
              "line": 28,
              "column": 42
            }
          }
        ],
        "line": 28
      }
    },
    "s": {
      "0": 160,
      "1": 160,
      "2": 160,
      "3": 160,
      "4": 160,
      "5": 160,
      "6": 160
    },
    "f": {
      "0": 160,
      "1": 160
    },
    "b": {
      "0": [
        160,
        160
      ]
    },
    "inputSourceMap": {
      "version": 3,
      "mappings": "AACA,SAASA,YAAT,QAAqC,iBAArC;AACA,SAASC,eAAT,QAAgC,sCAAhC;AACA,SAASC,aAAT,QAA8B,kCAA9B;AACA,SAASC,aAAT,QAA8B,kCAA9B;;;AAEA,MAAMC,MAAM,GAAW,CACrB;EAAEC,IAAI,EAAE,EAAR;EAAYC,KAAK,EAAE,UAAnB;EAA+BC,SAAS,EAAEJ;AAA1C,CADqB,EAErB;EAAEE,IAAI,EAAE,YAAR;EAAsBC,KAAK,EAAE,mBAA7B;EAAkDC,SAAS,EAAEN;AAA7D,CAFqB,EAGrB;EAAEI,IAAI,EAAE,QAAR;EAAkBC,KAAK,EAAE,mBAAzB;EAA8CC,SAAS,EAAEL;AAAzD,CAHqB,EAIrB;EAAEG,IAAI,EAAE,YAAR;EAAsBC,KAAK,EAAE,mBAA7B;EAAkDC,SAAS,EAAEL;AAA7D,CAJqB,CAAvB;AAWA,WAAaM,qBAAb;EAAM,MAAOA,qBAAP,CAA4B;;;qBAArBA;EAAqB;;;UAArBA;;;cAHDR,YAAY,CAACS,QAAb,CAAsBL,MAAtB,GACAJ;;EAEZ,OAAaQ,qBAAb;AAAA",
      "names": [
        "RouterModule",
        "DetailComponent",
        "FormComponent",
        "ListComponent",
        "routes",
        "path",
        "title",
        "component",
        "SessionsRoutingModule",
        "forChild"
      ],
      "sourceRoot": "",
      "sources": [
        "/Users/moussier/Documents/Moussier/openclassrooms/dev-fullstack-java-android/projet5/Testez-une-application-full-stack/front/src/app/features/sessions/sessions-routing.module.ts"
      ],
      "sourcesContent": [
        "import { NgModule } from '@angular/core';\nimport { RouterModule, Routes } from '@angular/router';\nimport { DetailComponent } from './components/detail/detail.component';\nimport { FormComponent } from './components/form/form.component';\nimport { ListComponent } from './components/list/list.component';\n\nconst routes: Routes = [\n  { path: '', title: 'Sessions', component: ListComponent },\n  { path: 'detail/:id', title: 'Sessions - detail', component: DetailComponent },\n  { path: 'create', title: 'Sessions - create', component: FormComponent },\n  { path: 'update/:id', title: 'Sessions - update', component: FormComponent }\n];\n\n@NgModule({\n  imports: [RouterModule.forChild(routes)],\n  exports: [RouterModule]\n})\nexport class SessionsRoutingModule {\n}\n"
      ]
    },
    "_coverageSchema": "1a1c01bbd47fc00a2c39e90264f33305004495a9",
    "hash": "4d6b203e5d239a38da98fb526930281dd8676d0a"
  },
  "/Users/moussier/Documents/Moussier/openclassrooms/dev-fullstack-java-android/projet5/Testez-une-application-full-stack/front/src/app/features/sessions/sessions.module.ts": {
    "path": "/Users/moussier/Documents/Moussier/openclassrooms/dev-fullstack-java-android/projet5/Testez-une-application-full-stack/front/src/app/features/sessions/sessions.module.ts",
    "statementMap": {
      "0": {
        "start": {
          "line": 14,
          "column": 0
        },
        "end": {
          "line": 14,
          "column": 29
        }
      },
      "1": {
        "start": {
          "line": 15,
          "column": 24
        },
        "end": {
          "line": 15,
          "column": 143
        }
      },
      "2": {
        "start": {
          "line": 16,
          "column": 41
        },
        "end": {
          "line": 30,
          "column": 4
        }
      },
      "3": {
        "start": {
          "line": 19,
          "column": 2
        },
        "end": {
          "line": 21,
          "column": 4
        }
      },
      "4": {
        "start": {
          "line": 20,
          "column": 4
        },
        "end": {
          "line": 20,
          "column": 39
        }
      },
      "5": {
        "start": {
          "line": 23,
          "column": 2
        },
        "end": {
          "line": 25,
          "column": 5
        }
      },
      "6": {
        "start": {
          "line": 26,
          "column": 2
        },
        "end": {
          "line": 28,
          "column": 5
        }
      },
      "7": {
        "start": {
          "line": 29,
          "column": 2
        },
        "end": {
          "line": 29,
          "column": 24
        }
      }
    },
    "fnMap": {
      "0": {
        "name": "(anonymous_0)",
        "decl": {
          "start": {
            "line": 16,
            "column": 42
          },
          "end": {
            "line": 16,
            "column": 43
          }
        },
        "loc": {
          "start": {
            "line": 16,
            "column": 48
          },
          "end": {
            "line": 30,
            "column": 1
          }
        },
        "line": 16
      },
      "1": {
        "name": "SessionsModule_Factory",
        "decl": {
          "start": {
            "line": 19,
            "column": 33
          },
          "end": {
            "line": 19,
            "column": 55
          }
        },
        "loc": {
          "start": {
            "line": 19,
            "column": 59
          },
          "end": {
            "line": 21,
            "column": 3
          }
        },
        "line": 19
      }
    },
    "branchMap": {
      "0": {
        "loc": {
          "start": {
            "line": 20,
            "column": 16
          },
          "end": {
            "line": 20,
            "column": 35
          }
        },
        "type": "binary-expr",
        "locations": [
          {
            "start": {
              "line": 20,
              "column": 16
            },
            "end": {
              "line": 20,
              "column": 17
            }
          },
          {
            "start": {
              "line": 20,
              "column": 21
            },
            "end": {
              "line": 20,
              "column": 35
            }
          }
        ],
        "line": 20
      }
    },
    "s": {
      "0": 160,
      "1": 160,
      "2": 160,
      "3": 160,
      "4": 160,
      "5": 160,
      "6": 160,
      "7": 160
    },
    "f": {
      "0": 160,
      "1": 160
    },
    "b": {
      "0": [
        160,
        160
      ]
    },
    "inputSourceMap": {
      "version": 3,
      "mappings": "AACA,SAASA,YAAT,EAAuBC,kBAAvB,QAAiD,iBAAjD;AACA,SAASC,gBAAT,QAAiC,sBAAjC;AACA,SAASC,mBAAT,QAAoC,gBAApC;AACA,SAASC,eAAT,QAAgC,0BAAhC;AACA,SAASC,aAAT,QAA8B,wBAA9B;AACA,SAASC,kBAAT,QAAmC,8BAAnC;AACA,SAASC,aAAT,QAA8B,wBAA9B;AACA,SAASC,cAAT,QAA+B,yBAA/B;AACA,SAASC,eAAT,QAAgC,0BAAhC;AACA,SAASC,iBAAT,QAAkC,6BAAlC;AAIA,SAASC,qBAAT,QAAsC,2BAAtC;AACA,OAAOC,QAAP,MAAqB,4BAArB;;AACAX,kBAAkB,CAACW,QAAD,CAAlB;AAEA,MAAMC,eAAe,GAAG,CACtBT,eADsB,EAEtBC,aAFsB,EAGtBC,kBAHsB,EAItBC,aAJsB,EAKtBC,cALsB,EAMtBE,iBANsB,EAOtBD,eAPsB,CAAxB;AAwBA,WAAaK,cAAb;EAAM,MAAOA,cAAP,CAAqB;;;qBAAdA;EAAc;;;UAAdA;;;cAPTd,cACAE,kBACAC,qBACAQ,uBACGE;;EAGP,OAAaC,cAAb;AAAA",
      "names": [
        "CommonModule",
        "registerLocaleData",
        "FlexLayoutModule",
        "ReactiveFormsModule",
        "MatButtonModule",
        "MatCardModule",
        "MatFormFieldModule",
        "MatIconModule",
        "MatInputModule",
        "MatSelectModule",
        "MatSnackBarModule",
        "SessionsRoutingModule",
        "localeFr",
        "materialModules",
        "SessionsModule"
      ],
      "sourceRoot": "",
      "sources": [
        "/Users/moussier/Documents/Moussier/openclassrooms/dev-fullstack-java-android/projet5/Testez-une-application-full-stack/front/src/app/features/sessions/sessions.module.ts"
      ],
      "sourcesContent": [
        "import { NgModule } from '@angular/core';\nimport { CommonModule, registerLocaleData } from '@angular/common';\nimport { FlexLayoutModule } from '@angular/flex-layout';\nimport { ReactiveFormsModule } from '@angular/forms';\nimport { MatButtonModule } from '@angular/material/button';\nimport { MatCardModule } from '@angular/material/card';\nimport { MatFormFieldModule } from '@angular/material/form-field';\nimport { MatIconModule } from '@angular/material/icon';\nimport { MatInputModule } from '@angular/material/input';\nimport { MatSelectModule } from '@angular/material/select';\nimport { MatSnackBarModule } from '@angular/material/snack-bar';\nimport { ListComponent } from './components/list/list.component';\nimport { FormComponent } from './components/form/form.component';\nimport { DetailComponent } from './components/detail/detail.component';\nimport { SessionsRoutingModule } from './sessions-routing.module';\nimport localeFr from '@angular/common/locales/fr';\nregisterLocaleData(localeFr);\n\nconst materialModules = [\n  MatButtonModule,\n  MatCardModule,\n  MatFormFieldModule,\n  MatIconModule,\n  MatInputModule,\n  MatSnackBarModule,\n  MatSelectModule\n];\n\n@NgModule({\n  declarations: [\n    ListComponent,\n    FormComponent,\n    DetailComponent\n  ],\n  imports: [\n    CommonModule,\n    FlexLayoutModule,\n    ReactiveFormsModule,\n    SessionsRoutingModule,\n    ...materialModules\n  ]\n})\nexport class SessionsModule { }\n"
      ]
    },
    "_coverageSchema": "1a1c01bbd47fc00a2c39e90264f33305004495a9",
    "hash": "3ba99bdbb566bdb623b2d7dad6ecbc5cb9f32694"
  }
}